Determining if the pthread_create exist failed with the following output:
Change Dir: /home/mhossein/SnifePackage_workspace/sandbox/mhk_nav/build/CMakeFiles/CMakeTmp

Run Build Command:/usr/bin/make "cmTryCompileExec3211841982/fast"
make[1]: Entering directory `/home/mhossein/SnifePackage_workspace/sandbox/mhk_nav/build/CMakeFiles/CMakeTmp'
/usr/bin/make -f CMakeFiles/cmTryCompileExec3211841982.dir/build.make CMakeFiles/cmTryCompileExec3211841982.dir/build
make[2]: Entering directory `/home/mhossein/SnifePackage_workspace/sandbox/mhk_nav/build/CMakeFiles/CMakeTmp'
/usr/bin/cmake -E cmake_progress_report /home/mhossein/SnifePackage_workspace/sandbox/mhk_nav/build/CMakeFiles/CMakeTmp/CMakeFiles 1
Building C object CMakeFiles/cmTryCompileExec3211841982.dir/CheckSymbolExists.c.o
/usr/bin/cc    -o CMakeFiles/cmTryCompileExec3211841982.dir/CheckSymbolExists.c.o   -c /home/mhossein/SnifePackage_workspace/sandbox/mhk_nav/build/CMakeFiles/CMakeTmp/CheckSymbolExists.c
Linking C executable cmTryCompileExec3211841982
/usr/bin/cmake -E cmake_link_script CMakeFiles/cmTryCompileExec3211841982.dir/link.txt --verbose=1
/usr/bin/cc       CMakeFiles/cmTryCompileExec3211841982.dir/CheckSymbolExists.c.o  -o cmTryCompileExec3211841982 -rdynamic 
CMakeFiles/cmTryCompileExec3211841982.dir/CheckSymbolExists.c.o: In function `main':
CheckSymbolExists.c:(.text+0x16): undefined reference to `pthread_create'
collect2: error: ld returned 1 exit status
make[2]: *** [cmTryCompileExec3211841982] Error 1
make[2]: Leaving directory `/home/mhossein/SnifePackage_workspace/sandbox/mhk_nav/build/CMakeFiles/CMakeTmp'
make[1]: Leaving directory `/home/mhossein/SnifePackage_workspace/sandbox/mhk_nav/build/CMakeFiles/CMakeTmp'
make[1]: *** [cmTryCompileExec3211841982/fast] Error 2

File /home/mhossein/SnifePackage_workspace/sandbox/mhk_nav/build/CMakeFiles/CMakeTmp/CheckSymbolExists.c:
/* */
#include <pthread.h>

int main(int argc, char** argv)
{
  (void)argv;
#ifndef pthread_create
  return ((int*)(&pthread_create))[argc];
#else
  (void)argc;
  return 0;
#endif
}

Determining if the function pthread_create exists in the pthreads failed with the following output:
Change Dir: /home/mhossein/SnifePackage_workspace/sandbox/mhk_nav/build/CMakeFiles/CMakeTmp

Run Build Command:/usr/bin/make "cmTryCompileExec67085015/fast"
make[1]: Entering directory `/home/mhossein/SnifePackage_workspace/sandbox/mhk_nav/build/CMakeFiles/CMakeTmp'
/usr/bin/make -f CMakeFiles/cmTryCompileExec67085015.dir/build.make CMakeFiles/cmTryCompileExec67085015.dir/build
make[2]: Entering directory `/home/mhossein/SnifePackage_workspace/sandbox/mhk_nav/build/CMakeFiles/CMakeTmp'
/usr/bin/cmake -E cmake_progress_report /home/mhossein/SnifePackage_workspace/sandbox/mhk_nav/build/CMakeFiles/CMakeTmp/CMakeFiles 1
Building C object CMakeFiles/cmTryCompileExec67085015.dir/CheckFunctionExists.c.o
/usr/bin/cc   -DCHECK_FUNCTION_EXISTS=pthread_create   -o CMakeFiles/cmTryCompileExec67085015.dir/CheckFunctionExists.c.o   -c /usr/share/cmake-2.8/Modules/CheckFunctionExists.c
Linking C executable cmTryCompileExec67085015
/usr/bin/cmake -E cmake_link_script CMakeFiles/cmTryCompileExec67085015.dir/link.txt --verbose=1
/usr/bin/cc   -DCHECK_FUNCTION_EXISTS=pthread_create    CMakeFiles/cmTryCompileExec67085015.dir/CheckFunctionExists.c.o  -o cmTryCompileExec67085015 -rdynamic -lpthreads 
/usr/bin/ld: cannot find -lpthreads
collect2: error: ld returned 1 exit status
make[2]: *** [cmTryCompileExec67085015] Error 1
make[2]: Leaving directory `/home/mhossein/SnifePackage_workspace/sandbox/mhk_nav/build/CMakeFiles/CMakeTmp'
make[1]: Leaving directory `/home/mhossein/SnifePackage_workspace/sandbox/mhk_nav/build/CMakeFiles/CMakeTmp'
make[1]: *** [cmTryCompileExec67085015/fast] Error 2


